2021-10-21 12:04:59 INFO  [http-nio-8080-exec-2]: Sono nel metodo iniziale
2021-10-21 12:05:22 INFO  [http-nio-8080-exec-9]: Controllo i dati che mi stanno arrivando dall'utente: 
2021-10-21 12:05:22 INFO  [http-nio-8080-exec-9]: I dati che sono arrivati: vik vik
2021-10-21 12:05:22 INFO  [http-nio-8080-exec-9]: Vedo cosa mi ha trovato trimite CriteriaAPi
2021-10-21 12:05:22 INFO  [http-nio-8080-exec-9]: [UtentiModel [password=vik, username=vik]]
2021-10-21 12:16:39 INFO  [http-nio-8080-exec-2]: Sono nel metodo iniziale
2021-10-21 12:17:04 INFO  [http-nio-8080-exec-9]: Controllo i dati che mi stanno arrivando dall'utente: 
2021-10-21 12:17:04 INFO  [http-nio-8080-exec-9]: I dati che sono arrivati: vik vik
2021-10-21 12:17:04 INFO  [http-nio-8080-exec-9]: Vedo cosa mi ha trovato trimite CriteriaAPi
2021-10-21 12:17:04 INFO  [http-nio-8080-exec-9]: [UtentiModel [password=vik, username=vik]]
2021-10-21 12:45:15 INFO  [http-nio-8080-exec-4]: Sono nel metodo iniziale
2021-10-21 12:45:22 INFO  [http-nio-8080-exec-8]: Controllo i dati che mi stanno arrivando dall'utente: 
2021-10-21 12:45:22 INFO  [http-nio-8080-exec-8]: I dati che sono arrivati: vik vik
2021-10-21 12:45:23 INFO  [http-nio-8080-exec-8]: Vedo cosa mi ha trovato trimite CriteriaAPi
2021-10-21 12:45:23 INFO  [http-nio-8080-exec-8]: [UtentiModel [password=vik, username=vik]]
2021-10-21 13:49:13 INFO  [main]: avvenuta connessione ad db
2021-10-21 13:58:57 INFO  [main]: avvenuta connessione ad db
2021-10-21 14:02:42 INFO  [main]: avvenuta connessione ad db
2021-10-21 14:03:55 INFO  [main]: avvenuta connessione ad db
2021-10-21 14:07:23 INFO  [main]: avvenuta connessione ad db
2021-10-21 14:17:28 INFO  [main]: avvenuta connessione ad db
2021-10-21 14:21:50 INFO  [main]: avvenuta connessione ad db
2021-10-21 14:23:31 INFO  [main]: avvenuta connessione ad db
2021-10-21 14:35:53 INFO  [main]: avvenuta connessione ad db
2021-10-21 14:40:29 INFO  [main]: avvenuta connessione ad db
2021-10-21 14:40:46 INFO  [http-nio-8080-exec-5]: Sono nel metodo iniziale
2021-10-21 14:49:10 INFO  [main]: avvenuta connessione ad db
2021-10-21 14:49:12 INFO  [main]: org.springframework.security.config.annotation.web.configuration.WebSecurityConfigurerAdapter$2@7b97c11
2021-10-21 14:49:12 INFO  [main]: org.springframework.jdbc.datasource.DriverManagerDataSource@59d59316
2021-10-21 14:49:13 INFO  [http-nio-8080-exec-2]: Sono nel metodo iniziale
2021-10-21 14:49:34 INFO  [http-nio-8080-exec-8]: Controllo i dati che mi stanno arrivando dall'utente: 
2021-10-21 14:49:34 INFO  [http-nio-8080-exec-8]: I dati che sono arrivati: vik vik
2021-10-21 14:49:34 INFO  [http-nio-8080-exec-8]: UtentiService usenrame e passwordvik vik
2021-10-21 14:49:34 INFO  [http-nio-8080-exec-8]: UtentiImpl ByPassAndUsernamevik vik
2021-10-21 14:49:34 INFO  [http-nio-8080-exec-8]: Vedo cosa mi ha trovato trimite CriteriaAPi
2021-10-21 14:49:34 INFO  [http-nio-8080-exec-8]: UtentiService usenrame e passwordvik vik
2021-10-21 14:49:34 INFO  [http-nio-8080-exec-8]: UtentiImpl ByPassAndUsernamevik vik
2021-10-21 14:49:34 INFO  [http-nio-8080-exec-8]: [UtentiModel [password=vik, username=vik]]
2021-10-21 14:50:27 INFO  [main]: avvenuta connessione ad db
2021-10-21 14:50:29 INFO  [main]: org.springframework.security.config.annotation.web.configuration.WebSecurityConfigurerAdapter$2@17444cb9
2021-10-21 14:50:29 INFO  [main]: org.springframework.jdbc.datasource.DriverManagerDataSource@1414800e
2021-10-21 14:50:30 INFO  [http-nio-8080-exec-2]: Sono nel metodo iniziale
2021-10-21 14:50:41 INFO  [http-nio-8080-exec-6]: Controllo i dati che mi stanno arrivando dall'utente: 
2021-10-21 14:50:41 INFO  [http-nio-8080-exec-6]: I dati che sono arrivati: test123 john
2021-10-21 14:50:41 INFO  [http-nio-8080-exec-6]: UtentiService usenrame e passwordtest123 john
2021-10-21 14:50:41 INFO  [http-nio-8080-exec-6]: UtentiImpl ByPassAndUsernametest123 john
2021-10-21 14:50:41 INFO  [http-nio-8080-exec-6]: Vedo cosa mi ha trovato trimite CriteriaAPi
2021-10-21 14:50:41 INFO  [http-nio-8080-exec-6]: UtentiService usenrame e passwordtest123 john
2021-10-21 14:50:41 INFO  [http-nio-8080-exec-6]: UtentiImpl ByPassAndUsernametest123 john
2021-10-21 14:50:41 INFO  [http-nio-8080-exec-6]: [UtentiModel [password={noop}test123, username=john]]
2021-10-21 14:52:06 INFO  [main]: avvenuta connessione ad db
2021-10-21 14:52:08 INFO  [main]: org.springframework.security.config.annotation.web.configuration.WebSecurityConfigurerAdapter$2@76a72a1b
2021-10-21 14:52:08 INFO  [main]: org.springframework.jdbc.datasource.DriverManagerDataSource@1414800e
2021-10-21 14:52:09 INFO  [http-nio-8080-exec-2]: Sono nel metodo iniziale
2021-10-21 14:52:20 INFO  [http-nio-8080-exec-6]: Controllo i dati che mi stanno arrivando dall'utente: 
2021-10-21 14:52:20 INFO  [http-nio-8080-exec-6]: I dati che sono arrivati: test123 john
2021-10-21 14:52:20 INFO  [http-nio-8080-exec-6]: UtentiService usenrame e passwordtest123 john
2021-10-21 14:52:20 INFO  [http-nio-8080-exec-6]: UtentiImpl ByPassAndUsernametest123 john
2021-10-21 14:52:20 INFO  [http-nio-8080-exec-6]: Vedo cosa mi ha trovato trimite CriteriaAPi
2021-10-21 14:52:20 INFO  [http-nio-8080-exec-6]: UtentiService usenrame e passwordtest123 john
2021-10-21 14:52:20 INFO  [http-nio-8080-exec-6]: UtentiImpl ByPassAndUsernametest123 john
2021-10-21 14:52:20 INFO  [http-nio-8080-exec-6]: [UtentiModel [password={noop}test123, username=john]]
2021-10-21 14:54:58 INFO  [main]: avvenuta connessione ad db
2021-10-21 14:55:00 INFO  [main]: org.springframework.security.config.annotation.web.configuration.WebSecurityConfigurerAdapter$2@17444cb9
2021-10-21 14:55:00 INFO  [main]: org.springframework.jdbc.datasource.DriverManagerDataSource@1414800egetAuth org.springframework.security.config.annotation.web.configuration.WebSecurityConfigurerAdapter$2@17444cb9
2021-10-21 14:55:01 INFO  [http-nio-8080-exec-2]: Sono nel metodo iniziale
2021-10-21 14:55:11 INFO  [http-nio-8080-exec-6]: Controllo i dati che mi stanno arrivando dall'utente: 
2021-10-21 14:55:11 INFO  [http-nio-8080-exec-6]: I dati che sono arrivati: test123 john
2021-10-21 14:55:11 INFO  [http-nio-8080-exec-6]: UtentiService usenrame e passwordtest123 john
2021-10-21 14:55:11 INFO  [http-nio-8080-exec-6]: UtentiImpl ByPassAndUsernametest123 john
2021-10-21 14:55:11 INFO  [http-nio-8080-exec-6]: Vedo cosa mi ha trovato trimite CriteriaAPi
2021-10-21 14:55:11 INFO  [http-nio-8080-exec-6]: UtentiService usenrame e passwordtest123 john
2021-10-21 14:55:11 INFO  [http-nio-8080-exec-6]: UtentiImpl ByPassAndUsernametest123 john
2021-10-21 14:55:11 INFO  [http-nio-8080-exec-6]: [UtentiModel [password={noop}test123, username=john]]
2021-10-21 15:30:17 INFO  [main]: avvenuta connessione ad db
2021-10-21 15:30:19 INFO  [main]: org.springframework.security.config.annotation.web.configuration.WebSecurityConfigurerAdapter$2@17444cb9
2021-10-21 15:30:19 INFO  [main]: org.springframework.jdbc.datasource.DriverManagerDataSource@1414800egetAuth org.springframework.security.config.annotation.web.configuration.WebSecurityConfigurerAdapter$2@17444cb9
2021-10-21 15:56:01 INFO  [main]: avvenuta connessione ad db
2021-10-21 15:56:03 INFO  [main]: org.springframework.security.config.annotation.web.configuration.WebSecurityConfigurerAdapter$2@316245b6
2021-10-21 15:56:03 INFO  [main]: org.springframework.jdbc.datasource.DriverManagerDataSource@76b36d98getAuth org.springframework.security.config.annotation.web.configuration.WebSecurityConfigurerAdapter$2@316245b6
2021-10-21 16:07:15 INFO  [main]: avvenuta connessione ad db
2021-10-21 16:07:17 INFO  [main]: org.springframework.security.config.annotation.web.configuration.WebSecurityConfigurerAdapter$2@316245b6
2021-10-21 16:07:17 INFO  [main]: org.springframework.jdbc.datasource.DriverManagerDataSource@76b36d98getAuth org.springframework.security.config.annotation.web.configuration.WebSecurityConfigurerAdapter$2@316245b6
2021-10-21 16:30:06 INFO  [main]: avvenuta connessione ad db
2021-10-21 16:30:08 INFO  [main]: org.springframework.security.config.annotation.web.configuration.WebSecurityConfigurerAdapter$2@316245b6
2021-10-21 16:30:08 INFO  [main]: org.springframework.jdbc.datasource.DriverManagerDataSource@76b36d98getAuth org.springframework.security.config.annotation.web.configuration.WebSecurityConfigurerAdapter$2@316245b6
2021-10-21 16:37:09 INFO  [main]: avvenuta connessione ad db
2021-10-21 16:37:12 INFO  [main]: org.springframework.security.config.annotation.web.configuration.WebSecurityConfigurerAdapter$2@3c12ee82
2021-10-21 16:37:12 INFO  [main]: org.springframework.jdbc.datasource.DriverManagerDataSource@5fe14f1bgetAuth org.springframework.security.config.annotation.web.configuration.WebSecurityConfigurerAdapter$2@3c12ee82
2021-10-21 17:20:47 INFO  [main]: avvenuta connessione ad db
2021-10-21 17:20:49 INFO  [main]: org.springframework.security.config.annotation.web.configuration.WebSecurityConfigurerAdapter$2@18ae9e1b
2021-10-21 17:20:49 INFO  [main]: org.springframework.jdbc.datasource.DriverManagerDataSource@aca7766getAuth org.springframework.security.config.annotation.web.configuration.WebSecurityConfigurerAdapter$2@18ae9e1b
2021-10-21 17:22:55 INFO  [main]: avvenuta connessione ad db
2021-10-21 17:22:57 INFO  [main]: org.springframework.security.config.annotation.web.configuration.WebSecurityConfigurerAdapter$2@5d0637ba
2021-10-21 17:22:57 INFO  [main]: org.springframework.jdbc.datasource.DriverManagerDataSource@5ac4f417getAuth org.springframework.security.config.annotation.web.configuration.WebSecurityConfigurerAdapter$2@5d0637ba
2021-10-21 18:03:52 INFO  [main]: avvenuta connessione ad db
2021-10-21 18:03:54 INFO  [main]: org.springframework.security.config.annotation.web.configuration.WebSecurityConfigurerAdapter$2@5555eb81
2021-10-21 18:03:54 INFO  [main]: org.springframework.jdbc.datasource.DriverManagerDataSource@1f8c7cd7getAuth org.springframework.security.config.annotation.web.configuration.WebSecurityConfigurerAdapter$2@5555eb81
2021-10-21 18:08:06 INFO  [main]: avvenuta connessione ad db
2021-10-21 18:08:08 INFO  [main]: org.springframework.security.config.annotation.web.configuration.WebSecurityConfigurerAdapter$2@316245b6
2021-10-21 18:08:08 INFO  [main]: org.springframework.jdbc.datasource.DriverManagerDataSource@76b36d98getAuth org.springframework.security.config.annotation.web.configuration.WebSecurityConfigurerAdapter$2@316245b6
2021-10-21 18:18:31 INFO  [main]: avvenuta connessione ad db
2021-10-21 18:18:39 INFO  [http-nio-8080-exec-5]: Sono nel metodo iniziale
2021-10-21 22:10:37 INFO  [main]: avvenuta connessione ad db
2021-10-21 22:10:42 INFO  [main]: avvenuta connessione ad db
2021-10-21 22:10:43 INFO  [main]: org.springframework.security.config.annotation.web.configuration.WebSecurityConfigurerAdapter$2@74aad2f9
2021-10-21 22:10:43 INFO  [main]: org.springframework.jdbc.datasource.DriverManagerDataSource@7986dddegetAuth org.springframework.security.config.annotation.web.configuration.WebSecurityConfigurerAdapter$2@74aad2f9
2021-10-21 22:10:57 INFO  [http-nio-8080-exec-5]: Sono nel metodo iniziale
2021-10-21 22:11:06 INFO  [http-nio-8080-exec-1]: Controllo i dati che mi stanno arrivando dall'utente: 
2021-10-21 22:11:18 INFO  [http-nio-8080-exec-4]: Controllo i dati che mi stanno arrivando dall'utente: 
2021-10-21 22:11:20 INFO  [http-nio-8080-exec-6]: SOno nel metodo per cercare un libro: get search
2021-10-21 22:11:30 INFO  [http-nio-8080-exec-9]: Sono nel metodo iniziale
2021-10-21 22:26:52 INFO  [main]: avvenuta connessione ad db
2021-10-21 22:26:57 INFO  [main]: avvenuta connessione ad db
2021-10-21 22:26:58 INFO  [main]: org.springframework.security.config.annotation.web.configuration.WebSecurityConfigurerAdapter$2@78096810
2021-10-21 22:26:58 INFO  [main]: org.springframework.jdbc.datasource.DriverManagerDataSource@52e281e5getAuth org.springframework.security.config.annotation.web.configuration.WebSecurityConfigurerAdapter$2@78096810
2021-10-21 22:26:59 INFO  [http-nio-8080-exec-2]: Sono nel metodo iniziale
2021-10-21 22:31:05 INFO  [main]: avvenuta connessione ad db
2021-10-21 22:31:11 INFO  [main]: avvenuta connessione ad db
2021-10-21 22:31:12 INFO  [main]: org.springframework.security.config.annotation.web.configuration.WebSecurityConfigurerAdapter$2@6de9bbef
2021-10-21 22:31:12 INFO  [main]: org.springframework.jdbc.datasource.DriverManagerDataSource@273f0f93getAuth org.springframework.security.config.annotation.web.configuration.WebSecurityConfigurerAdapter$2@6de9bbef
2021-10-21 22:31:13 INFO  [http-nio-8080-exec-2]: Sono nel metodo iniziale
2021-10-21 22:32:57 INFO  [main]: avvenuta connessione ad db
2021-10-21 22:33:03 INFO  [main]: avvenuta connessione ad db
2021-10-21 22:33:04 INFO  [main]: org.springframework.security.config.annotation.web.configuration.WebSecurityConfigurerAdapter$2@78096810
2021-10-21 22:33:04 INFO  [main]: org.springframework.jdbc.datasource.DriverManagerDataSource@52e281e5getAuth org.springframework.security.config.annotation.web.configuration.WebSecurityConfigurerAdapter$2@78096810
2021-10-21 22:33:05 INFO  [http-nio-8080-exec-2]: Sono nel metodo iniziale
2021-10-21 22:33:21 INFO  [http-nio-8080-exec-5]: Controllo i dati che mi stanno arrivando dall'utente: 
2021-10-21 22:41:19 INFO  [main]: avvenuta connessione ad db
2021-10-21 22:41:24 INFO  [main]: avvenuta connessione ad db
2021-10-21 22:41:26 INFO  [main]: org.springframework.security.config.annotation.web.configuration.WebSecurityConfigurerAdapter$2@78096810
2021-10-21 22:41:26 INFO  [main]: org.springframework.jdbc.datasource.DriverManagerDataSource@52e281e5getAuth org.springframework.security.config.annotation.web.configuration.WebSecurityConfigurerAdapter$2@78096810
2021-10-21 22:41:27 INFO  [http-nio-8080-exec-2]: Sono nel metodo iniziale
2021-10-21 22:41:35 INFO  [http-nio-8080-exec-4]: Controllo i dati che mi stanno arrivando dall'utente: 
2021-10-21 22:42:34 INFO  [main]: avvenuta connessione ad db
2021-10-21 22:42:39 INFO  [main]: avvenuta connessione ad db
2021-10-21 22:42:40 INFO  [main]: org.springframework.security.config.annotation.web.configuration.WebSecurityConfigurerAdapter$2@78096810
2021-10-21 22:42:40 INFO  [main]: org.springframework.jdbc.datasource.DriverManagerDataSource@52e281e5getAuth org.springframework.security.config.annotation.web.configuration.WebSecurityConfigurerAdapter$2@78096810
2021-10-21 22:42:41 INFO  [http-nio-8080-exec-2]: Sono nel metodo iniziale
2021-10-21 22:42:51 INFO  [http-nio-8080-exec-4]: Controllo i dati che mi stanno arrivando dall'utente: 
2021-10-21 22:46:41 INFO  [main]: avvenuta connessione ad db
2021-10-21 22:46:46 INFO  [main]: avvenuta connessione ad db
2021-10-21 22:46:48 INFO  [main]: org.springframework.security.config.annotation.web.configuration.WebSecurityConfigurerAdapter$2@78096810
2021-10-21 22:46:48 INFO  [main]: org.springframework.jdbc.datasource.DriverManagerDataSource@52e281e5getAuth org.springframework.security.config.annotation.web.configuration.WebSecurityConfigurerAdapter$2@78096810
2021-10-21 22:46:49 INFO  [http-nio-8080-exec-2]: Sono nel metodo iniziale
2021-10-21 22:46:56 INFO  [http-nio-8080-exec-4]: Controllo i dati che mi stanno arrivando dall'utente: 
2021-10-21 22:47:16 INFO  [http-nio-8080-exec-9]: SOno nel metodo per cercare un libro: get search
2021-10-21 22:48:26 INFO  [http-nio-8080-exec-3]: Controllo i dati che mi stanno arrivando dall'utente: 
2021-10-21 22:48:34 INFO  [http-nio-8080-exec-4]: Controllo i dati che mi stanno arrivando dall'utente: 
2021-10-21 22:48:43 INFO  [http-nio-8080-exec-5]: Controllo i dati che mi stanno arrivando dall'utente: 
